[debug] [2021-06-01T07:57:53.874Z] ----------------------------------------------------------------------
[debug] [2021-06-01T07:57:53.876Z] Command:       /Users/uranashel/.nvm/versions/node/v12.18.4/bin/node /Users/uranashel/.nvm/versions/node/v12.18.4/bin/firebase init
[debug] [2021-06-01T07:57:53.876Z] CLI Version:   9.12.0
[debug] [2021-06-01T07:57:53.876Z] Platform:      darwin
[debug] [2021-06-01T07:57:53.876Z] Node Version:  v12.18.4
[debug] [2021-06-01T07:57:53.877Z] Time:          Tue Jun 01 2021 14:57:53 GMT+0700 (Indochina Time)
[debug] [2021-06-01T07:57:53.877Z] ----------------------------------------------------------------------
[debug] 
[debug] [2021-06-01T07:57:53.881Z] > command requires scopes: ["email","openid","https://www.googleapis.com/auth/cloudplatformprojects.readonly","https://www.googleapis.com/auth/firebase","https://www.googleapis.com/auth/cloud-platform"]
[debug] [2021-06-01T07:57:53.881Z] > authorizing via signed-in user (delightechnology2020@gmail.com)
[info] 
     ######## #### ########  ######## ########     ###     ######  ########
     ##        ##  ##     ## ##       ##     ##  ##   ##  ##       ##
     ######    ##  ########  ######   ########  #########  ######  ######
     ##        ##  ##    ##  ##       ##     ## ##     ##       ## ##
     ##       #### ##     ## ######## ########  ##     ##  ######  ########

You're about to initialize a Firebase project in this directory:

  /Users/uranashel/Desktop/web

[info] 
=== Project Setup
[info] 
[info] First, let's associate this project directory with a Firebase project.
[info] You can create multiple project aliases by running firebase use --add, 
[info] but for now we'll just set up a default project.
[info] 
[debug] [2021-06-01T07:58:09.136Z] >>> [apiv2][query] GET https://firebase.googleapis.com/v1beta1/projects pageSize=100
[debug] [2021-06-01T07:58:09.690Z] <<< [apiv2][status] GET https://firebase.googleapis.com/v1beta1/projects 200
[debug] [2021-06-01T07:58:09.690Z] <<< [apiv2][body] GET https://firebase.googleapis.com/v1beta1/projects [omitted]
[info] i  Using project realestate-517ab (RealEstate) 
[info] 
=== Hosting Setup
[info] 
[info] Your public directory is the folder (relative to your project directory) that
[info] will contain Hosting assets to be uploaded with firebase deploy. If you
[info] have a build process for your assets, use your build's output directory.
[info] 
[debug] [2021-06-01T07:58:25.621Z] >>> [apiv2][query] GET https://www.gstatic.com/firebasejs/releases.json [none]
[debug] [2021-06-01T07:58:25.774Z] <<< [apiv2][status] GET https://www.gstatic.com/firebasejs/releases.json 200
[debug] [2021-06-01T07:58:25.774Z] <<< [apiv2][body] GET https://www.gstatic.com/firebasejs/releases.json {"current":{"version":"8.6.3","browserURL":"https://www.gstatic.com/firebasejs/8.6.3/firebase.js","packageURL":"https://www.gstatic.com/firebasejs/8.6.3/firebase.tgz"},"live":{"version":"8.6","browserURL":"https://www.gstatic.com/firebasejs/live/8.6/firebase.js","packageURL":"https://www.gstatic.com/firebasejs/live/8.6/firebase.tgz"},"components":{"analytics":"https://www.gstatic.com/firebasejs/8.6.3/firebase-analytics.js","app":"https://www.gstatic.com/firebasejs/8.6.3/firebase-app.js","app-check":"https://www.gstatic.com/firebasejs/8.6.3/firebase-app-check.js","auth":"https://www.gstatic.com/firebasejs/8.6.3/firebase-auth.js","database":"https://www.gstatic.com/firebasejs/8.6.3/firebase-database.js","firestore":"https://www.gstatic.com/firebasejs/8.6.3/firebase-firestore.js","functions":"https://www.gstatic.com/firebasejs/8.6.3/firebase-functions.js","installations":"https://www.gstatic.com/firebasejs/8.6.3/firebase-installations.js","messaging":"https://www.gstatic.com/firebasejs/8.6.3/firebase-messaging.js","storage":"https://www.gstatic.com/firebasejs/8.6.3/firebase-storage.js","performance":"https://www.gstatic.com/firebasejs/8.6.3/firebase-performance.js","remote-config":"https://www.gstatic.com/firebasejs/8.6.3/firebase-remote-config.js","firestore.memory":"https://www.gstatic.com/firebasejs/8.6.3/firebase-firestore.memory.js"}}
[info] ✔  Wrote public/index.html 
[info] 
[info] i  Didn't detect a .git folder. Assuming /Users/uranashel/Desktop/web is the project root. 
[info] i  Authorizing with GitHub to upload your service account to a GitHub repository's secrets store. 
[info] 
[info] Visit this URL on this device to log in:
[info] https://github.com/login/oauth/authorize?client_id=89cf50f02ac6aaed3484&state=849297042&redirect_uri=http%3A%2F%2Flocalhost%3A9005&scope=read%3Auser%20repo%20public_repo
[info] 
[info] Waiting for authentication...
